  server.cpp
c:\users\hayoon\desktop\metalslugshooting.git\trunk\metalslugshooting\server\server\server.cpp(109): warning C4101: 'hThread' :참조되지 않은 지역 변수입니다.
c:\users\hayoon\desktop\metalslugshooting.git\trunk\metalslugshooting\server\server\server.cpp(324): warning C4244: '+=': 'float'에서 'int'(으)로 변환하면서 데이터가 손실될 수 있습니다.
c:\users\hayoon\desktop\metalslugshooting.git\trunk\metalslugshooting\server\server\server.cpp(330): warning C4244: '-=': 'float'에서 'int'(으)로 변환하면서 데이터가 손실될 수 있습니다.
c:\users\hayoon\desktop\metalslugshooting.git\trunk\metalslugshooting\server\server\server.cpp(339): warning C4244: '+=': 'float'에서 'int'(으)로 변환하면서 데이터가 손실될 수 있습니다.
c:\users\hayoon\desktop\metalslugshooting.git\trunk\metalslugshooting\server\server\server.cpp(345): warning C4244: '-=': 'float'에서 'int'(으)로 변환하면서 데이터가 손실될 수 있습니다.
c:\users\hayoon\desktop\metalslugshooting.git\trunk\metalslugshooting\server\server\server.cpp(415): warning C4244: '=': 'LONG'에서 'float'(으)로 변환하면서 데이터가 손실될 수 있습니다.
c:\users\hayoon\desktop\metalslugshooting.git\trunk\metalslugshooting\server\server\server.cpp(421): warning C4244: '=': 'LONG'에서 'float'(으)로 변환하면서 데이터가 손실될 수 있습니다.
c:\users\hayoon\desktop\metalslugshooting.git\trunk\metalslugshooting\server\server\server.cpp(425): warning C4244: '=': 'int'에서 'float'(으)로 변환하면서 데이터가 손실될 수 있습니다.
c:\users\hayoon\desktop\metalslugshooting.git\trunk\metalslugshooting\server\server\server.cpp(432): warning C4244: '=': 'int'에서 'float'(으)로 변환하면서 데이터가 손실될 수 있습니다.
c:\users\hayoon\desktop\metalslugshooting.git\trunk\metalslugshooting\server\server\server.cpp(433): warning C4244: '=': 'int'에서 'float'(으)로 변환하면서 데이터가 손실될 수 있습니다.
c:\users\hayoon\desktop\metalslugshooting.git\trunk\metalslugshooting\server\server\server.cpp(611): warning C4244: '-=': 'float'에서 'int'(으)로 변환하면서 데이터가 손실될 수 있습니다.
c:\users\hayoon\desktop\metalslugshooting.git\trunk\metalslugshooting\server\server\server.cpp(619): warning C4244: '-=': 'float'에서 'int'(으)로 변환하면서 데이터가 손실될 수 있습니다.
c:\users\hayoon\desktop\metalslugshooting.git\trunk\metalslugshooting\server\server\server.cpp(645): warning C4244: '-=': 'float'에서 'int'(으)로 변환하면서 데이터가 손실될 수 있습니다.
c:\users\hayoon\desktop\metalslugshooting.git\trunk\metalslugshooting\server\server\server.cpp(660): warning C4244: '-=': 'float'에서 'int'(으)로 변환하면서 데이터가 손실될 수 있습니다.
c:\users\hayoon\desktop\metalslugshooting.git\trunk\metalslugshooting\server\server\server.cpp(764): warning C4244: '+=': 'float'에서 'int'(으)로 변환하면서 데이터가 손실될 수 있습니다.
  코드를 생성하고 있습니다.
  2 of 215 functions ( 0.9%) were compiled, the rest were copied from previous compilation.
    0 functions were new in current compilation
    0 functions had inline decision re-evaluated but remain unchanged
  코드를 생성했습니다.
  Server.vcxproj -> C:\Users\HaYoon\Desktop\MetalSlugShooting.git\trunk\MetalSlugShooting\Server\Release\Server.exe
