c:\users\hayoon\documents\github\metalslugshooting\metalslugshooting\server\server\debug\vc141.pdb
c:\users\hayoon\documents\github\metalslugshooting\metalslugshooting\server\server\debug\vc141.idb
c:\users\hayoon\documents\github\metalslugshooting\metalslugshooting\server\server\debug\main.obj
c:\users\hayoon\documents\github\metalslugshooting\metalslugshooting\server\server\debug\ctimer.obj
c:\users\hayoon\documents\github\metalslugshooting\metalslugshooting\server\server\debug\server.obj
c:\users\hayoon\desktop\ngp\trunk\metalslugshooting\server\server\debug\vc141.pdb
c:\users\hayoon\desktop\ngp\trunk\metalslugshooting\server\server\debug\vc141.idb
c:\users\hayoon\desktop\ngp\trunk\metalslugshooting\server\server\debug\server.obj
c:\users\hayoon\desktop\ngp\trunk\metalslugshooting\server\server\debug\ctimer.obj
c:\users\hayoon\documents\github\metalslugshooting\metalslugshooting\server\debug\server.exe
c:\users\hayoon\documents\github\metalslugshooting\metalslugshooting\server\debug\server.ilk
c:\users\hayoon\documents\github\metalslugshooting\metalslugshooting\server\debug\server.pdb
c:\users\hayoon\desktop\ngp\trunk\metalslugshooting\server\debug\server.exe
c:\users\hayoon\desktop\ngp\trunk\metalslugshooting\server\debug\server.ilk
c:\users\hayoon\desktop\ngp\trunk\metalslugshooting\server\debug\server.pdb
c:\users\hayoon\desktop\ngp\trunk\metalslugshooting\server\server\debug\main.obj
c:\users\hayoon\desktop\ngp\trunk\metalslugshooting\server\server\debug\server.tlog\cl.command.1.tlog
c:\users\hayoon\desktop\ngp\trunk\metalslugshooting\server\server\debug\server.tlog\cl.read.1.tlog
c:\users\hayoon\desktop\ngp\trunk\metalslugshooting\server\server\debug\server.tlog\cl.write.1.tlog
c:\users\hayoon\desktop\ngp\trunk\metalslugshooting\server\server\debug\server.tlog\link.command.1.tlog
c:\users\hayoon\desktop\ngp\trunk\metalslugshooting\server\server\debug\server.tlog\link.read.1.tlog
c:\users\hayoon\desktop\ngp\trunk\metalslugshooting\server\server\debug\server.tlog\link.write.1.tlog
