d:\01.kpu\3학년2학기\넷겜플\metalslugshooting\client\apiclient\debug\apiclient.pch
d:\01.kpu\3학년2학기\넷겜플\metalslugshooting\client\apiclient\debug\vc141.pdb
d:\01.kpu\3학년2학기\넷겜플\metalslugshooting\client\apiclient\debug\vc141.idb
d:\01.kpu\3학년2학기\넷겜플\metalslugshooting\client\apiclient\debug\stdafx.obj
d:\01.kpu\3학년2학기\넷겜플\metalslugshooting\client\apiclient\debug\cscenescript.obj
d:\01.kpu\3학년2학기\넷겜플\metalslugshooting\client\apiclient\debug\cscenemanager.obj
d:\01.kpu\3학년2학기\넷겜플\metalslugshooting\client\apiclient\debug\cscene.obj
d:\01.kpu\3학년2학기\넷겜플\metalslugshooting\client\apiclient\debug\cingame.obj
d:\01.kpu\3학년2학기\넷겜플\metalslugshooting\client\apiclient\debug\cbackground.obj
d:\01.kpu\3학년2학기\넷겜플\metalslugshooting\client\apiclient\debug\cgameframework.obj
d:\01.kpu\3학년2학기\넷겜플\metalslugshooting\client\apiclient\debug\ctimer.obj
d:\01.kpu\3학년2학기\넷겜플\metalslugshooting\client\apiclient\debug\ctexture.obj
d:\01.kpu\3학년2학기\넷겜플\metalslugshooting\client\apiclient\debug\cgameobject.obj
d:\01.kpu\3학년2학기\넷겜플\metalslugshooting\client\apiclient\debug\canimation.obj
d:\01.kpu\3학년2학기\넷겜플\metalslugshooting\client\apiclient\debug\apiclient.obj
d:\01.kpu\3학년2학기\넷겜플\metalslugshooting\client\apiclient\debug\cinput.obj
d:\01.kpu\3학년2학기\넷겜플\metalslugshooting\client\apiclient\debug\cplayer.obj
d:\01.kpu\3학년2학기\넷겜플\metalslugshooting\client\apiclient\debug\cbullet.obj
d:\01.kpu\3학년2학기\넷겜플\metalslugshooting\client\apiclient\debug\cmagazine.obj
d:\01.kpu\3학년2학기\넷겜플\metalslugshooting\client\apiclient\debug\citem.obj
d:\01.kpu\3학년2학기\넷겜플\metalslugshooting\client\apiclient\debug\chealing.obj
d:\01.kpu\3학년2학기\넷겜플\metalslugshooting\client\apiclient\debug\cboom.obj
d:\01.kpu\3학년2학기\넷겜플\metalslugshooting\client\apiclient\debug\chpbar.obj
d:\01.kpu\3학년2학기\넷겜플\metalslugshooting\client\apiclient\debug\chpgauge.obj
d:\01.kpu\3학년2학기\넷겜플\metalslugshooting\client\debug\apiclient.exe
d:\01.kpu\3학년2학기\넷겜플\metalslugshooting\client\debug\apiclient.ilk
d:\01.kpu\3학년2학기\넷겜플\metalslugshooting\client\debug\apiclient.pdb
d:\01.kpu\3학년2학기\넷겜플\metalslugshooting\client\apiclient\debug\apiclient.res
d:\01.kpu\3학년2학기\넷겜플\metalslugshooting\client\apiclient\debug\apiclient.tlog\cl.command.1.tlog
d:\01.kpu\3학년2학기\넷겜플\metalslugshooting\client\apiclient\debug\apiclient.tlog\cl.read.1.tlog
d:\01.kpu\3학년2학기\넷겜플\metalslugshooting\client\apiclient\debug\apiclient.tlog\cl.write.1.tlog
d:\01.kpu\3학년2학기\넷겜플\metalslugshooting\client\apiclient\debug\apiclient.tlog\link.command.1.tlog
d:\01.kpu\3학년2학기\넷겜플\metalslugshooting\client\apiclient\debug\apiclient.tlog\link.read.1.tlog
d:\01.kpu\3학년2학기\넷겜플\metalslugshooting\client\apiclient\debug\apiclient.tlog\link.write.1.tlog
d:\01.kpu\3학년2학기\넷겜플\metalslugshooting\client\apiclient\debug\apiclient.tlog\rc.command.1.tlog
d:\01.kpu\3학년2학기\넷겜플\metalslugshooting\client\apiclient\debug\apiclient.tlog\rc.read.1.tlog
d:\01.kpu\3학년2학기\넷겜플\metalslugshooting\client\apiclient\debug\apiclient.tlog\rc.write.1.tlog
