  stdafx.cpp
  APIClient.cpp
  CAnimation.cpp
  CBackground.cpp
  CBoom.cpp
  CBullet.cpp
  CGameFramework.cpp
c:\users\hayoon\desktop\ngp\branches\test_heli\metalslugshooting\client\apiclient\cgameframework.cpp(211): warning C4838: 'UINT'에서 'LONG'(으)로의 변환에는 축소 변환이 필요합니다.
  CGameObject.cpp
c:\users\hayoon\desktop\ngp\branches\test_heli\metalslugshooting\client\apiclient\cgameobject.cpp(151): warning C4244: '=': 'float'에서 'int'(으)로 변환하면서 데이터가 손실될 수 있습니다.
c:\users\hayoon\desktop\ngp\branches\test_heli\metalslugshooting\client\apiclient\cgameobject.cpp(152): warning C4244: '=': 'float'에서 'int'(으)로 변환하면서 데이터가 손실될 수 있습니다.
c:\users\hayoon\desktop\ngp\branches\test_heli\metalslugshooting\client\apiclient\cgameobject.cpp(175): warning C4244: '=': 'float'에서 'int'(으)로 변환하면서 데이터가 손실될 수 있습니다.
c:\users\hayoon\desktop\ngp\branches\test_heli\metalslugshooting\client\apiclient\cgameobject.cpp(176): warning C4244: '=': 'float'에서 'int'(으)로 변환하면서 데이터가 손실될 수 있습니다.
c:\users\hayoon\desktop\ngp\branches\test_heli\metalslugshooting\client\apiclient\cgameobject.cpp(225): warning C4244: '인수': 'UINT'에서 'float'(으)로 변환하면서 데이터가 손실될 수 있습니다.
c:\users\hayoon\desktop\ngp\branches\test_heli\metalslugshooting\client\apiclient\cgameobject.cpp(229): warning C4244: '인수': 'UINT'에서 'float'(으)로 변환하면서 데이터가 손실될 수 있습니다.
  CHealing.cpp
  CHeli.cpp
  CHPBar.cpp
  CHPGauge.cpp
c:\users\hayoon\desktop\ngp\branches\test_heli\metalslugshooting\client\apiclient\chpgauge.cpp(67): warning C4244: '인수': 'float'에서 'int'(으)로 변환하면서 데이터가 손실될 수 있습니다.
  CInGame.cpp
  CInput.cpp
  CItem.cpp
  CMagazine.cpp
  CNetwork.cpp
  CPlayer.cpp
c:\users\hayoon\desktop\ngp\branches\test_heli\metalslugshooting\client\apiclient\cplayer.cpp(49): warning C4244: '인수': 'int'에서 'float'(으)로 변환하면서 데이터가 손실될 수 있습니다.
c:\users\hayoon\desktop\ngp\branches\test_heli\metalslugshooting\client\apiclient\cplayer.cpp(214): warning C4244: '=': 'int'에서 'float'(으)로 변환하면서 데이터가 손실될 수 있습니다.
c:\users\hayoon\desktop\ngp\branches\test_heli\metalslugshooting\client\apiclient\cplayer.cpp(215): warning C4244: '=': 'int'에서 'float'(으)로 변환하면서 데이터가 손실될 수 있습니다.
  CScene.cpp
  CSceneManager.cpp
  CSceneScript.cpp
  코드를 생성하고 있습니다...
  컴파일하고 있습니다...
  CTexture.cpp
  CTimer.cpp
  CTimerUI.cpp
  CWinOrLose.cpp
  코드를 생성하고 있습니다...
  APIClient.vcxproj -> C:\Users\Hayoon\Desktop\NGP\branches\test_heli\MetalSlugShooting\Client\Debug\APIClient.exe
